<?xml version="1.0" encoding="UTF-8"?>
<!-- Generated by org.testng.reporters.JUnitReportReporter -->
<testsuite hostname="DESKTOP-R99IPVV" failures="0" tests="1" name="testNGPkg.SimpleAnnotation" time="0.022" errors="0" timestamp="24 Jul 2021 01:45:07 GMT" skipped="0">
  <testcase classname="testNGPkg.SimpleAnnotation" name="testMethod" time="0.022"/>
</testsuite> <!-- testNGPkg.SimpleAnnotation -->
