<?xml version="1.0" encoding="UTF-8"?>
<!-- Generated by org.testng.reporters.JUnitReportReporter -->
<testsuite hostname="DESKTOP-R99IPVV" failures="0" tests="3" name="testNGPkg.testMethodClass1" time="0.059" errors="0" timestamp="22 Jul 2021 01:31:18 GMT" skipped="0">
  <testcase classname="testNGPkg.testMethodClass1" name="testMethod1" time="0.005"/>
  <testcase classname="testNGPkg.testMethodClass1" name="testMethod" time="0.032"/>
  <testcase classname="testNGPkg.testMethodClass1" name="testMethod2" time="0.022"/>
</testsuite> <!-- testNGPkg.testMethodClass1 -->
